{"name": "Проверить отображение заказа из Истории заказов в Ленте заказов", "status": "broken", "statusDetails": {"message": "selenium.common.exceptions.TimeoutException: Message: \nStacktrace:\nRemoteError@chrome://remote/content/shared/RemoteError.sys.mjs:8:8\nWebDriverError@chrome://remote/content/shared/webdriver/Errors.sys.mjs:193:5\nNoSuchElementError@chrome://remote/content/shared/webdriver/Errors.sys.mjs:511:5\ndom.find/</<@chrome://remote/content/shared/DOM.sys.mjs:136:16", "trace": "self = <tests.test_order_feed_page.TestOrderFeed object at 0x000002982BCFF9B0>\ndriver = <selenium.webdriver.firefox.webdriver.WebDriver (session=\"6652c7d7-f16e-41f9-b103-f25627096478\")>, login_user_and_make_order = None\n\n    @allure.title(\"Проверить отображение заказа из Истории заказов в Ленте заказов\")\n    def test_order_from_history_show_to_order_feed(self, driver, login_user_and_make_order):\n        main_page = MainPage(driver)\n        order_page = OrderFeedPage(driver)\n        personal_page = PersonalAccountPage(driver)\n        main_page.click_java_personal_account_in_header()\n        personal_page.wait_order_history()\n        personal_page.click_java_order_history()\n>       personal_page.wait_number_in_history()\n\ntests\\test_order_feed_page.py:24: \n_ _ _ _ _ _ _ _ _ _ _ _ _ _ _ _ _ _ _ _ _ _ _ _ _ _ _ _ _ _ _ _ _ _ _ _ _ _ _ _ _ _ _ _ _ _ _ _ _ _ _ _ _ _ _ _ _ _ _ _ _ _ _ _ _ _ _ _ _ _ _ _ _ _ _ _ _ _ _ _ _ _ _\npages\\personal_account_page.py:65: in wait_number_in_history\n    return self.wait_element(PersonalAccLocators.NUMBER_IN_HISTORY)\npages\\base_page.py:40: in wait_element\n    WebDriverWait(self.driver, 5).until(EC.presence_of_element_located(locator))\n_ _ _ _ _ _ _ _ _ _ _ _ _ _ _ _ _ _ _ _ _ _ _ _ _ _ _ _ _ _ _ _ _ _ _ _ _ _ _ _ _ _ _ _ _ _ _ _ _ _ _ _ _ _ _ _ _ _ _ _ _ _ _ _ _ _ _ _ _ _ _ _ _ _ _ _ _ _ _ _ _ _ _\n\nself = <selenium.webdriver.support.wait.WebDriverWait (session=\"6652c7d7-f16e-41f9-b103-f25627096478\")>\nmethod = <function presence_of_element_located.<locals>._predicate at 0x000002982BE37060>, message = ''\n\n    def until(self, method: Callable[[D], Union[Literal[False], T]], message: str = \"\") -> T:\n        \"\"\"Calls the method provided with the driver as an argument until the \\\n        return value does not evaluate to ``False``.\n    \n        :param method: callable(WebDriver)\n        :param message: optional message for :exc:`TimeoutException`\n        :returns: the result of the last call to `method`\n        :raises: :exc:`selenium.common.exceptions.TimeoutException` if timeout occurs\n        \"\"\"\n        screen = None\n        stacktrace = None\n    \n        end_time = time.monotonic() + self._timeout\n        while True:\n            try:\n                value = method(self._driver)\n                if value:\n                    return value\n            except self._ignored_exceptions as exc:\n                screen = getattr(exc, \"screen\", None)\n                stacktrace = getattr(exc, \"stacktrace\", None)\n            time.sleep(self._poll)\n            if time.monotonic() > end_time:\n                break\n>       raise TimeoutException(message, screen, stacktrace)\nE       selenium.common.exceptions.TimeoutException: Message: \nE       Stacktrace:\nE       RemoteError@chrome://remote/content/shared/RemoteError.sys.mjs:8:8\nE       WebDriverError@chrome://remote/content/shared/webdriver/Errors.sys.mjs:193:5\nE       NoSuchElementError@chrome://remote/content/shared/webdriver/Errors.sys.mjs:511:5\nE       dom.find/</<@chrome://remote/content/shared/DOM.sys.mjs:136:16\n\nvenv\\Lib\\site-packages\\selenium\\webdriver\\support\\wait.py:105: TimeoutException"}, "steps": [{"name": "В шапке сайта нажать Личный кабинет", "status": "passed", "start": 1730470097270, "stop": 1730470097301}, {"name": "Подождать появления Истории заказов", "status": "passed", "start": 1730470097301, "stop": 1730470097810}, {"name": "Нажать на Историю заказов", "status": "passed", "start": 1730470097810, "stop": 1730470097825}, {"name": "Подождать появления номера заказа в Истории заказов", "status": "broken", "statusDetails": {"message": "selenium.common.exceptions.TimeoutException: Message: \nStacktrace:\nRemoteError@chrome://remote/content/shared/RemoteError.sys.mjs:8:8\nWebDriverError@chrome://remote/content/shared/webdriver/Errors.sys.mjs:193:5\nNoSuchElementError@chrome://remote/content/shared/webdriver/Errors.sys.mjs:511:5\ndom.find/</<@chrome://remote/content/shared/DOM.sys.mjs:136:16\n\n", "trace": "  File \"D:\\Diplom_Marina_Vasileva_13\\Diplom_3\\venv\\Lib\\site-packages\\allure_commons\\_allure.py\", line 192, in impl\n    return func(*a, **kw)\n           ^^^^^^^^^^^^^^\n  File \"D:\\Diplom_Marina_Vasileva_13\\Diplom_3\\pages\\personal_account_page.py\", line 65, in wait_number_in_history\n    return self.wait_element(PersonalAccLocators.NUMBER_IN_HISTORY)\n           ^^^^^^^^^^^^^^^^^^^^^^^^^^^^^^^^^^^^^^^^^^^^^^^^^^^^^^^^\n  File \"D:\\Diplom_Marina_Vasileva_13\\Diplom_3\\pages\\base_page.py\", line 40, in wait_element\n    WebDriverWait(self.driver, 5).until(EC.presence_of_element_located(locator))\n  File \"D:\\Diplom_Marina_Vasileva_13\\Diplom_3\\venv\\Lib\\site-packages\\selenium\\webdriver\\support\\wait.py\", line 105, in until\n    raise TimeoutException(message, screen, stacktrace)\n"}, "start": 1730470097825, "stop": 1730470102880}], "parameters": [{"name": "driver", "value": "'firefox'"}], "start": 1730470097270, "stop": 1730470102915, "uuid": "6b8e6b95-e78e-453d-b881-f4aecf3259bd", "historyId": "fd2fc59b100403bae681f0f0f3aea582", "testCaseId": "bb6e8e4c2f4578b02cbda0d075691b9a", "fullName": "tests.test_order_feed_page.TestOrderFeed#test_order_from_history_show_to_order_feed", "labels": [{"name": "parentSuite", "value": "tests"}, {"name": "suite", "value": "test_order_feed_page"}, {"name": "subSuite", "value": "TestOrderFeed"}, {"name": "host", "value": "LAPTOP-NLCLIKN5"}, {"name": "thread", "value": "7732-MainThread"}, {"name": "framework", "value": "pytest"}, {"name": "language", "value": "cpython3"}, {"name": "package", "value": "tests.test_order_feed_page"}]}